20497302 /platform
20497302 /platform/i86pc
20497302 /platform/i86pc/kernel
20497302 /platform/i86pc/kernel/unix
20497302 /platform/i86pc/kernel/drv
20497302 /platform/i86pc/kernel/drv/amd64
20497302 /kernel
20497302 /kernel/drv
20497302 /kernel/drv/amd64
20497302 /kernel/drv/amd64/cpunex
20497310 /platform/i86pc/kernel/drv/amd64/cpudrv
20497321 /platform/i86pc/kernel/misc
20497321 /platform/i86pc/kernel/misc/amd64
20497321 /kernel/misc
20497321 /kernel/misc/amd64
20497321 /kernel/misc/amd64/strplumb
20497330 /kernel/drv/amd64/dld
20497340 /kernel/drv/amd64/ip
20497383 /kernel/misc/amd64/md5
20497384 /kernel/misc/amd64/kcf
20497420 /kernel/crypto
20497420 /kernel/crypto/amd64
20497421 /kernel/crypto/amd64/swrand
20497422 /kernel/misc/amd64/sha1
20497440 /kernel/misc/amd64/hook
20497451 /kernel/misc/amd64/neti
20497585 /kernel/drv/amd64/ip6
20497590 /kernel/drv/amd64/tcp
20497591 /kernel/fs
20497591 /kernel/fs/amd64
20497591 /kernel/fs/amd64/sockfs
20497630 /etc
20497631 /kernel/drv/amd64/tcp6
20497642 /kernel/drv/amd64/udp
20497651 /kernel/drv/amd64/udp6
20497662 /kernel/drv/amd64/icmp
20497670 /kernel/drv/amd64/icmp6
20497682 /kernel/drv/amd64/arp
20497691 /kernel/strmod
20497691 /kernel/strmod/amd64
20497691 /kernel/strmod/amd64/timod
20497703 /kernel/drv/amd64/e1000g
20498216 /kernel/mac
20498216 /kernel/mac/amd64
20498217 /kernel/mac/amd64/mac_ether
20498231 /platform/i86pc/kernel/dacf
20498231 /platform/i86pc/kernel/dacf/amd64
20498231 /kernel/dacf
20498231 /kernel/dacf/amd64
20498231 /kernel/dacf/amd64/net_dacf
20498232 /kernel/drv/amd64/softmac
20498252 /devices
20498252 /devices/pseudo
20499585 /kernel/misc/amd64/consconfig
20499586 /platform/i86pc/kernel/dacf/amd64/consconfig_dacf
20499588 /kernel/misc/amd64/usbser
20499589 /kernel/misc/amd64/usba
20499654 /etc/usb
20499654 /etc/usb/config_map.conf
20499655 /kernel/drv/amd64/i8042
20499679 /kernel/drv/amd64/vgatext
20499681 /kernel/misc/amd64/agpmaster
20499740 /
20499740 /kernel/drv/amd64/conskbd
20499742 /kernel/misc/amd64/kbtrans
20499763 /kernel/drv/amd64/consms
20499775 /kernel/drv/amd64/wc
20499776 /kernel/misc/amd64/tem
20499793 /kernel/drv/amd64/iwscn
20499803 /kernel/drv/amd64/ehci
20499823 /kernel/drv/amd64/uhci
20499834 /kernel/drv/amd64/ohci
20500015 /kernel/drv/amd64/kb8042
20500298 /kernel/drv/amd64/mouse8042
20500315 /kernel/strmod/amd64/vuid3ps2
20500889 /kernel/drv/amd64/ib
20500891 /kernel/misc/amd64/ibdm
20500893 /kernel/misc/amd64/ibtl
20500914 /kernel/misc/amd64/ibmf
20501014 /kernel/drv/amd64/tavor
20501043 /sbin
20501043 /sbin/init
20501045 /kernel/exec
20501045 /kernel/exec/amd64
20501045 /kernel/exec/amd64/elfexec
20501077 /platform/i86pc/kernel/drv/amd64/fipe
20501084 /kernel/misc/amd64/dcopy
20501087 /lib
20501087 /lib/ld.so.1
20501096 /var
20501097 /var/ld
20501097 /usr
20501097 /usr/ccs
20501097 /usr/ccs/lib
20501098 /lib/libc.so.1
20501117 /kernel/drv/amd64/qlt
20501133 /kernel/drv/amd64/fct
20501137 /kernel/drv/amd64/stmf
20501166 /etc/svc
20501166 /etc/svc/volatile
20501195 /etc/ioctl.syscon
20501209 /kernel/drv/amd64/stmf_sbd
20501216 /kernel/fs/amd64/zfs
20501259 /kernel/misc/amd64/idmap
20501260 /platform/i86pc/kernel/sys
20501261 /platform/i86pc/kernel/sys/amd64
20501261 /kernel/sys
20501261 /kernel/sys/amd64
20501261 /kernel/sys/amd64/doorfs
20501274 /etc/default
20501274 /etc/default/init
20501274 /system
20501274 /system/boot
20501274 /system/contract
20501275 /lib/libcontract.so.1
20501275 /lib/amd64/libcontract.so.1
20501276 /etc/inittab
20501278 /kernel/strmod/amd64/rpcmod
20501295 /kernel/misc/amd64/tlimod
20501348 /kernel/misc/amd64/sha2
20501358 /sbin/sh
20501358 /usr/bin
20501358 /usr/bin/i86
20501359 /usr/bin/i86/ksh93
20501362 /usr/lib
20501362 /usr/lib/ld.so.1
20501421 /usr/lib/libshell.so.1
20501433 /usr/lib/libcmd.so.1
20501434 /usr/lib/libpcidb.so.1
20501435 /usr/lib/amd64/libpcidb.so.1
20501446 /etc/zfs
20501447 /kernel/drv/amd64/hci1394
20501458 /kernel/misc/amd64/s1394
20501479 /usr/lib/libast.so.1
20501483 /lib/libm.so.1
20501483 /lib/libm.so.2
20501521 /kernel/drv/amd64/dca
20501532 /kernel/drv/amd64/rdsv3
20501539 /kernel/misc/amd64/ksocket
20501549 /proc
20501555 /kernel/misc/amd64/ibcm
20501578 /sbin/autopush
20501587 /kernel/misc/amd64/sol_ofs
20501601 /dev
20501601 /dev/sad
20501602 /dev/sad/admin
20501603 /kernel/drv/amd64/sad
20501626 /etc/iu.ap
20501627 /kernel/strmod/amd64/ldterm
20501642 /kernel/drv/amd64/pcic
20501645 /kernel/misc/amd64/pcmcia
20501661 /kernel/strmod/amd64/ttcompat
20501665 /kernel/misc/amd64/cardbus
20501702 /kernel/drv/amd64/asy
20501712 /kernel/drv/amd64/acpi_drv
20501722 /usr/kernel
20501722 /usr/kernel/drv
20501722 /usr/kernel/drv/amd64
20501734 /kernel/drv/amd64/acpi_toshiba
20501741 /kernel/drv/amd64/ptsl
20501743 /kernel/drv/amd64/ptc
20501753 /kernel/drv/amd64/bscv
20501777 /kernel/drv/amd64/usbsacm
20501791 /kernel/drv/amd64/bscbus
20501800 /kernel/drv/amd64/usbser_edge
20501815 /kernel/drv/amd64/intel_nhm
20501818 /kernel/drv/amd64/smbios
20501830 /kernel/drv/amd64/usbsprl
20501851 /kernel/drv/amd64/usbsksp
20501854 /kernel/misc/amd64/usbs49_fw
20501862 /kernel/drv/amd64/intel_nhmex
20501892 /kernel/drv/amd64/kssl
20501901 /kernel/drv/amd64/usbftdi
20501912 /kernel/drv/amd64/pcieb
20501922 /kernel/strmod/amd64/ipsecesp
20501924 /kernel/drv/amd64/ipsecah
20501940 /kernel/drv/amd64/tzmon
20501962 /kernel/drv/amd64/audio
20501985 /kernel/drv/amd64/pcser
20501986 /kernel/drv/amd64/qlc
20502004 /kernel/misc/amd64/fctl
20502070 /platform/i86pc/kernel/drv/amd64/dr
20502074 /platform/i86pc/kernel/misc/amd64/drmach_acpi
20502116 /kernel/drv/amd64/hermon
20502159 /platform/i86pc/kernel/drv/amd64/ioat
20502173 /sbin/soconfig
20502190 /etc/sock2path.d
20502190 /etc/sock2path.d/system%2Fkernel
20502192 /dev/ticotsord
20502193 /kernel/drv/amd64/tl
20502206 /dev/ticlts
20502208 /dev/keysock
20502209 /kernel/drv/amd64/keysock
20502237 /dev/spdsock
20502238 /kernel/drv/amd64/spdsock
20502256 /etc/sock2path.d/driver%2Fnetwork%2Frdsv3
20502257 /etc/sock2path.d/driver%2Fnetwork%2Frds
20502257 /dev/rds
20502258 /kernel/drv/amd64/rds
20502276 /etc/sock2path.d/driver%2Fnetwork%2Fsdp
20502277 /etc/sock2path.d/driver%2Fnetwork%2Fbpf
20502312 /dev/msglog
20502313 /kernel/drv/amd64/sysmsg
20502320 /var/run
20502325 /lib/libnvpair.so.1
20502328 /dev/console
20502329 /kernel/drv/amd64/cn
20502335 /lib/libnsl.so.1
20502347 /dev/null
20502348 /kernel/drv/amd64/mm
20502371 /lib/svc
20502371 /lib/svc/bin
20502371 /lib/svc/bin/svc.startd
20502383 /lib/fm
20502383 /lib/libumem.so.1
20502391 /lib/libuutil.so.1
20502396 /lib/libscf.so.1
20502412 /lib/libkstat.so.1
20502414 /dev/kstat
20502415 /usr/kernel/drv/kstat.conf
20502415 /usr/kernel/drv/amd64/kstat
20502415 /usr/kernel/drv/pool.conf
20502415 /usr/kernel/drv/amd64/pool
20502433 /usr/share
20502433 /usr/share/lib
20502433 /usr/share/lib/termcap
20502433 /usr/share/lib/zoneinfo
20502434 /usr/share/lib/zoneinfo/UTC
20502434 /usr/share/hwdata/pci.ids
20502435 /usr/lib/locale
20502436 /var/svc
20502436 /var/svc/log
20502465 /lib/svc/bin/svc.configd
20502482 /kernel/sys/amd64/pipe
20502504 /etc/svc/repository.db
20502856 /kernel/fs/amd64/namefs
20502880 /kernel/sys/amd64/portfs
20502899 /lib/libbsm.so.1
20502908 /lib/librestart.so.1
20502928 /etc/nsswitch.conf
20502929 /lib/nss_files.so.1
20502930 /etc/passwd
20502931 /lib/libsecdb.so.1
20502931 /lib/amd64/libsecdb.so.1
20502931 /lib/libsqlite-sys.so.2.8.15
20502931 /lib/amd64/libsqlite-sys.so.2.8.15
20502934 /etc/user_attr
20503070 /usr/sbin
20503082 /lib/svc/method
20503083 /lib/svc/method/manifest-import
20503084 /kernel/exec/amd64/intpexec
20503099 /bin
20503099 /usr/bin/ksh
20503111 /usr/bin/amd64
20503111 /usr/bin/amd64/ksh
20503112 /lib/amd64
20503112 /lib/amd64/ld.so.1
20503118 /usr/lib/amd64
20503119 /usr/lib/amd64/ld.so.1
20503119 /var/ld/64
20503119 /var/ld/amd64
20503122 /lib/64
20503122 /lib/amd64/libc.so.1
20503141 /usr/lib/64
20503141 /usr/lib/amd64/libshell.so.1
20503145 /usr/lib/amd64/libcmd.so.1
20503154 /usr/lib/amd64/libast.so.1
20503167 /lib/amd64/libm.so.2
20503224 /reconfigure
20505710 /usr/lib/libpool.so
20505710 /usr/lib/libpool.so.1
20505710 /usr/lib/amd64/libpool.so
20505710 /usr/lib/amd64/libpool.so.1
20505710 /usr/lib/libtecla.so.1
20505710 /usr/lib/amd64/libtecla.so.1
20505710 /usr/lib/libmd.so
20505710 /usr/lib/libmd.so.1
20505710 /lib/libmd5.so.1
20505710 /lib/amd64/libmd5.so.1
20505710 /usr/lib/amd64/libmd.so
20505710 /usr/lib/amd64/libmd.so.1
20505714 /usr/lib/libxml2.so.2
20505714 /usr/lib/libxml2.so.2.9.1
20505714 /usr/lib/amd64/libxml2.so.2
20505714 /usr/lib/amd64/libxml2.so.2.9.1
20505720 /lib/libz.so
20505720 /lib/libz.so.1
20505720 /lib/libz.so.1.2.8
20505720 /lib/amd64/libz.so
20505720 /lib/amd64/libz.so.1
20505720 /lib/amd64/libz.so.1.2.8
20505720 /usr/lib/libz.so
20505720 /usr/lib/libz.so.1
20505720 /usr/lib/libz.so.1.2.8
20505720 /usr/lib/amd64/libz.so
20505720 /usr/lib/amd64/libz.so.1
20505720 /usr/lib/amd64/libz.so.1.2.8
20505721 /usr/lib/liblzma.so
20505721 /usr/lib/liblzma.so.5
20505721 /usr/lib/liblzma.so.5.0.5
20505721 /usr/lib/amd64/liblzma.so
20505721 /usr/lib/amd64/liblzma.so.5
20505721 /usr/lib/amd64/liblzma.so.5.0.4
20505723 /lib/libsocket.so.1
20505724 /usr/lib/libgcc_s.so.1
20505799 /usr/lib/libproject.so.1
20505799 /usr/lib/amd64/libproject.so.1
20505877 /lib/svc/bin/lsvcrun
20505877 /lib/svc/method/net-ipmgmt
20505897 /lib/svc/method/rmtmpfiles
20505897 /lib/svc/method/svc-pools
20505897 /lib/svc/method/net-loc
20505897 /lib/svc/method/svc-forwarding
20505897 /lib/svc/method/svc-fcoet
20505897 /lib/svc/method/boot-archive-update
20505897 /lib/svc/method/svc-hotplug
20505898 /lib/svc/method/svc-nscd
20505898 /lib/svc/method/svc-utmpd
20505898 /lib/svc/method/system-log
20505898 /lib/svc/method/svc-dlmgmtd
20505898 /lib/svc/method/svc-auditd
20505898 /lib/svc/method/keymap
20505898 /lib/svc/method/svc-autofs
20505898 /lib/svc/method/svc-allocate
20505898 /lib/svc/method/mpxio-upgrade
20505898 /lib/svc/method/svc-mdmonitor
20505898 /lib/svc/method/net-init
20505899 /lib/svc/method/svc-poold
20505899 /lib/svc/method/net-netmask
20505899 /lib/svc/method/svc-power
20505899 /lib/svc/method/svc-scheduler
20505899 /lib/svc/method/svc-consadm
20505899 /lib/svc/method/ibd-post-upgrade
20505899 /lib/svc/method/inetd-upgrade
20505899 /lib/svc/method/svc-fcoei
20505899 /lib/svc/method/svc-sockfilter
20505899 /lib/svc/method/svc-intrd
20505899 /lib/svc/method/net-routing-setup
20505900 /lib/svc/method/svc-metainit
20505900 /lib/svc/method/yp
20505900 /lib/svc/method/net-svc
20505900 /lib/svc/method/devices-audio
20505900 /lib/svc/method/fs-local
20505900 /lib/svc/method/svc-auditset
20505900 /lib/svc/method/net-physical
20505900 /lib/svc/method/fc-fabric
20505900 /lib/svc/method/svc-cron
20505900 /lib/svc/method/npivconfig
20505901 /lib/svc/method/svc-syseventd
20505901 /lib/svc/method/svc-wusb
20505901 /lib/svc/method/dns-install
20505901 /lib/svc/method/svc-zonestat
20505901 /lib/svc/method/svc-zones
20505901 /lib/svc/method/identity-node
20505901 /lib/svc/method/net-install
20505901 /lib/svc/method/net-loopback
20505901 /lib/svc/method/fs-usr
20505901 /lib/svc/method/fs-minimal
20505901 /lib/svc/method/boot-archive
20505902 /lib/svc/method/svc-legacy-routing
20505902 /lib/svc/method/svc-smbd
20505902 /lib/svc/method/net-nwam
20505902 /lib/svc/method/logadm-upgrade
20505902 /lib/svc/method/nlockmgr
20505902 /lib/svc/method/svc-rbac
20505902 /lib/svc/method/svc-resource-mgmt
20505902 /lib/svc/method/net-iptun
20505902 /lib/svc/method/svc-boot-config
20505903 /lib/svc/method/ldap-client
20505903 /lib/svc/method/svc-metasync
20505903 /lib/svc/method/net-ipqos
20505903 /lib/svc/method/svc-dumpadm
20505903 /lib/svc/method/rpc-bind
20505903 /lib/svc/method/initial-boot
20505903 /lib/svc/method/smb-client
20505903 /lib/svc/method/vtdaemon
20505904 /lib/svc/method/svc-stmf
20505904 /lib/svc/method/nfs-client
20505904 /lib/svc/method/fs-root
20505904 /lib/svc/method/identity-domain
20505904 /lib/svc/method/svc-acpihpd
20505904 /lib/svc/method/devices-local
20505905 /lib/svc/method/svc-hostid
20505961 /etc/group
20505969 /etc/project
20506015 /etc/default/nss
20506019 /dev/pool
20506036 /lib/libproc.so.1
20506143 /lib/svc/share
20506143 /lib/svc/share/smf_include.sh
20506150 /sbin/zonename
20506163 /usr/lib/libzonecfg.so.1
20506175 /lib/libmd.so.1
20506177 /lib/libmp.so.2
20506178 /lib/libsec.so.1
20506180 /usr/lib/libidmap.so.1
20506180 /usr/lib/amd64/libidmap.so.1
20506184 /lib/libavl.so.1
20506187 /lib/libelf.so.1
20506190 /lib/librtld_db.so.1
20506191 /lib/libctf.so.1
20506191 /lib/libscf.so.1
20506741 /sbin/dlmgmtd
20506754 /lib/libdladm.so.1
20506754 /lib/amd64/libdladm.so.1
20506764 /dev/dld
20506769 /etc/dladm
20506769 /etc/dladm/datalink.conf
20506771 /lib/libdlpi.so.1
20506773 /lib/libinetutil.so.1
20506773 /lib/amd64/libinetutil.so.1
20506773 /lib/libtsol.so.2
20506773 /lib/amd64/libtsol.so.2
20506778 /lib/libsysevent.so.1
20506778 /lib/amd64/libsysevent.so.1
20506779 /usr/lib/sysevent
20506779 /usr/lib/sysevent/syseventd
20506779 /usr/lib/sysevent/syseventconfd
20506779 /usr/lib/sysevent/modules
20506779 /usr/lib/sysevent/modules/datalink_mod.so
20506779 /usr/lib/sysevent/modules/devfsadmd_mod.so
20506779 /usr/lib/sysevent/modules/picl_slm.so
20506779 /usr/lib/sysevent/modules/sysevent_conf_mod.so
20506779 /usr/lib/sysevent/modules/sysevent_reg_mod.so
20506779 /usr/lib/sysevent/modules/zfs_mod.so
20506856 /lib/libgrubmgmt.so.1
20506856 /lib/libgen.so.1
20506856 /lib/amd64/libgen.so.1
20506858 /usr/lib/libsmbios.so.1
20506860 /usr/lib/libexacct.so.1
20506860 /usr/lib/amd64/libexacct.so.1
20506867 /lib/inet
20506867 /lib/inet/netcfgd
20506880 /dev/conslog
20506881 /kernel/drv/amd64/log
20507060 /lib/libnwam.so.1
20507153 /usr/lib/libbrand.so.1
20507153 /usr/lib/amd64/libbrand.so.1
20507155 /lib/libuuid.so.1
20507155 /lib/amd64/libuuid.so.1
20507167 /lib/librcm.so.1
20507173 /lib/libtsol.so.2
20507181 /lib/inet/ipmgmtd
20507196 /lib/libipadm.so.1
20507196 /lib/amd64/libipadm.so.1
20507208 /etc/ipadm
20507208 /etc/ipadm/ipadm.conf
20507384 /etc/security
20507384 /etc/security/prof_attr
20508091 /sbin/ipadm
20508212 /etc/netconfig
20508213 /dev/udp
20508235 /kernel/socketmod
20508235 /kernel/socketmod/amd64
20508235 /kernel/socketmod/amd64/rts
20511551 /lib/svc/share/net_include.sh
20511780 /sbin/netstrategy
20512201 /usr/bin/ctrun
20512201 /usr/bin/who
20512201 /usr/bin/svcprop
20512300 /usr/sbin/svcadm
20512300 /usr/sbin/inetconv
20512300 /usr/sbin/syslogd
20512300 /usr/sbin/killall
20512300 /usr/bin/pkill
20513042 /usr/bin/kill
20513042 /usr/bin/expr
20514315 /sbin/dladm
20514337 /kernel/drv/amd64/devinfo
20514361 /platform/i86pc/kernel/drv/amd64/acpinex
20514381 /kernel/drv/amd64/agpgart
20514400 /platform/i86pc/kernel/drv/amd64/pci-ide
20514401 /kernel/drv/amd64/mpt_sas
20514403 /kernel/drv/amd64/pppt
20514441 /kernel/drv/amd64/ecpp
20514442 /kernel/drv/amd64/ata
20514456 /kernel/drv/amd64/pmcs
20514477 /kernel/drv/amd64/fcsm
20514490 /platform/i86pc/kernel/drv/amd64/pit_beep
20514535 /kernel/drv/amd64/mpt
20514554 /kernel/drv/amd64/fm
20514558 /kernel/drv/amd64/cmdk
20514558 /kernel/drv/amd64/ses
20514571 /kernel/misc/amd64/dadk
20514573 /kernel/misc/amd64/gda
20514588 /kernel/drv/amd64/fp
20514593 /kernel/drv/amd64/fcp
20514610 /kernel/misc/amd64/strategy
20514639 /kernel/misc/amd64/cmlb
20514685 /kernel/drv/amd64/sd
20514695 /platform/i86pc/kernel/drv/amd64/cpc
20514725 /kernel/drv/amd64/emlxs
20514761 /kernel/misc/amd64/bignum
20514847 /usr/kernel/drv/nsmb.conf
20514847 /usr/kernel/drv/amd64/nsmb
20514852 /kernel/crypto/amd64/md4
20514869 /kernel/drv/amd64/st
20514920 /kernel/drv/amd64/sol_ucma
20514933 /kernel/drv/amd64/sdp
20514950 /usr/kernel/drv/smbsrv.conf
20514950 /usr/kernel/drv/amd64/smbsrv
20515010 /kernel/misc/amd64/klmmod
20515013 /kernel/fs/amd64/nfs
20515040 /kernel/misc/amd64/rpcsec
20515125 /kernel/drv/amd64/md
20515162 /kernel/drv/amd64/fcip
20515177 /usr/kernel/drv/bpf.conf
20515177 /usr/kernel/drv/amd64/bpf
20515181 /kernel/drv/amd64/ipnet
20515212 /kernel/drv/amd64/aggr
20515224 /kernel/drv/amd64/bl
20515234 /kernel/drv/amd64/bridge
20515245 /kernel/drv/amd64/cpuid
20515253 /kernel/drv/amd64/crypto
20515282 /kernel/drv/amd64/cryptoadm
20515299 /kernel/drv/amd64/dlpistub
20515320 /kernel/drv/amd64/ippctl
20515341 /kernel/drv/amd64/iptun
20515352 /kernel/drv/amd64/kmdb
20515354 /kernel/misc/amd64/kmdbmod
20515413 /kernel/drv/amd64/llc1
20515423 /kernel/drv/amd64/lofi
20515434 /kernel/drv/amd64/mc-amd
20515460 /kernel/drv/amd64/openeepr
20515480 /kernel/drv/amd64/physmem
20515500 /kernel/drv/amd64/poll
20515520 /kernel/drv/amd64/power
20515541 /kernel/drv/amd64/random
20515571 /kernel/drv/amd64/simnet
20515590 /kernel/drv/amd64/sy
20515610 /kernel/drv/amd64/sysevent
20515630 /kernel/drv/amd64/ucode
20515650 /kernel/drv/amd64/vnic
20515661 /kernel/drv/amd64/dcpc
20515700 /usr/kernel/drv/dump.conf
20515700 /usr/kernel/drv/amd64/dump
20515720 /usr/kernel/drv/fssnap.conf
20515720 /usr/kernel/drv/amd64/fssnap
20515733 /usr/kernel/drv/ksyms.conf
20515733 /usr/kernel/drv/amd64/ksyms
20515741 /usr/kernel/drv/logindmux.conf
20515741 /usr/kernel/drv/amd64/logindmux
20515760 /usr/kernel/drv/ptm.conf
20515760 /usr/kernel/drv/amd64/ptm
20515772 /usr/kernel/drv/pts.conf
20515772 /usr/kernel/drv/amd64/pts
20515790 /usr/kernel/drv/pm.conf
20515790 /usr/kernel/drv/amd64/pm
20515831 /usr/bin/nawk
20515866 /usr/bin/amd64/sort
20515882 /var/tmp
20515887 /usr/bin/cat
20515910 /var/svc/profile
20516062 /sbin/ibd_upgrade
20516083 /sbin/wusbadm
20516083 /sbin/umount
20516083 /sbin/route
20516083 /sbin/metastat
20516083 /sbin/rc0
20516084 /sbin/fiocompress
20516084 /sbin/in.mpathd
20516084 /sbin/biosdev
20516084 /sbin/jsh
20516084 /sbin/ibd_delete_link
20516084 /sbin/uname
20516084 /sbin/devprop
20516084 /sbin/rc3
20516084 /sbin/metarecover
20516084 /sbin/metainit
20516085 /sbin/swapadd
20516085 /sbin/su.static
20516085 /sbin/tzreload
20516085 /sbin/beadm
20516086 /sbin/rc1
20516086 /sbin/uadmin
20516086 /sbin/pfsh
20516086 /sbin/fdisk
20516086 /sbin/bootadm
20516086 /sbin/mountall
20516086 /sbin/umountall
20516086 /sbin/flowadm
20516087 /sbin/cryptoadm
20516087 /sbin/ifparse
20516087 /sbin/dlstat
20516087 /sbin/mount
20516087 /sbin/routeadm
20516087 /sbin/ifconfig
20516087 /sbin/su
20516088 /sbin/installgrub
20516088 /sbin/sulogin
20516088 /sbin/ipmpstat
20516088 /sbin/sync
20516088 /sbin/metadb
20516088 /sbin/flowstat
20516088 /sbin/rc2
20516089 /sbin/zpool
20516089 /sbin/metadevadm
20516089 /sbin/hostconfig
20516089 /sbin/dhcpinfo
20516089 /sbin/zfs
20516089 /sbin/rcS
20516089 /sbin/dhcpagent
20516099 /dev/stdin
20516099 /dev/rdsk
20516099 /dev/rmt
20516099 /dev/fd
20516099 /dev/stderr
20516099 /dev/dsk
20516099 /dev/term
20516099 /dev/swap
20516100 /dev/stdout
20516100 /dev/agpgart
20516100 /dev/vt00
20516100 /dev/fbs
20516100 /dev/fb0
20516101 /dev/e1000g
20516101 /dev/e1000g0
20516101 /dev/ttya
20516101 /dev/tty00
20516101 /dev/ttyd0
20516102 /dev/cua0
20516102 /dev/cua
20516102 /dev/kdmouse
20516102 /dev/removable-media
20516102 /dev/sdp
20516102 /dev/dtrace
20516103 /dev/lockstat
20516103 /dev/srn
20516103 /dev/fm
20516103 /dev/md
20516103 /dev/zfs
20516103 /dev/ppm
20516104 /dev/sndstat
20516104 /dev/mixer
20516104 /dev/arp
20516104 /dev/bl
20516104 /dev/bridgectl
20516105 /dev/syscon
20516105 /dev/systty
20516105 /dev/kbd
20516105 /dev/mouse
20516105 /dev/cpu
20516105 /dev/crypto
20516106 /dev/cryptoadm
20516106 /dev/vni
20516106 /dev/ipmpstub
20516106 /dev/icmp
20516106 /dev/rawip
20516106 /dev/icmp6
20516107 /dev/rawip6
20516107 /dev/ip
20516107 /dev/ip6
20516107 /dev/lo0
20516107 /dev/ipsecah
20516108 /dev/ipsecesp
20516108 /dev/kmdb
20516108 /dev/kssl
20516108 /dev/llc1
20516108 /dev/lofictl
20516109 /dev/lofi
20516109 /dev/rlofi
20516109 /dev/log
20516109 /dev/mem
20516109 /dev/kmem
20516109 /dev/allkmem
20516110 /dev/zero
20516110 /dev/openprom
20516110 /dev/physmem
20516110 /dev/poll
20516110 /dev/power_button
20516111 /dev/ptyp0
20516111 /dev/ptyp1
20516111 /dev/ptyp2
20516111 /dev/ptyp3
20516111 /dev/ptyp4
20516111 /dev/ptyp5
20516112 /dev/ptyp6
20516112 /dev/ptyp7
20516112 /dev/ptyp8
20516112 /dev/ptyp9
20516112 /dev/ptypa
20516113 /dev/ptypb
20516113 /dev/ptypc
20516113 /dev/ptypd
20516113 /dev/ptype
20516113 /dev/ptypf
20516114 /dev/ptyq0
20516114 /dev/ptyq1
20516114 /dev/rts
20516114 /dev/ptyq2
20516114 /dev/ptyq3
20516115 /dev/ptyq4
20516115 /dev/ptyq5
20516115 /dev/ptyq6
20516115 /dev/ptyq7
20516115 /dev/ptyq8
20516115 /dev/ptyq9
20516116 /dev/ptyqa
20516116 /dev/ptyqb
20516116 /dev/ptyqc
20516116 /dev/ptyqd
20516116 /dev/ptyqe
20516116 /dev/ptyqf
20516117 /dev/ptyr0
20516117 /dev/ptyr1
20516117 /dev/ptyr2
20516117 /dev/ptyr3
20516117 /dev/ptyr4
20516117 /dev/ptyr5
20516118 /dev/ptyr6
20516118 /dev/ptyr7
20516118 /dev/ptyr8
20516118 /dev/ptyr9
20516118 /dev/ptyra
20516119 /dev/ptyrb
20516119 /dev/ptyrc
20516119 /dev/ptyrd
20516119 /dev/ptyre
20516119 /dev/ptyrf
20516119 /dev/ttyp0
20516120 /dev/ttyp1
20516120 /dev/ttyp2
20516121 /dev/ttyp3
20516121 /dev/ttyp4
20516122 /dev/ttyp5
20516122 /dev/ttyp6
20516122 /dev/ttyp7
20516122 /dev/ttyp8
20516122 /dev/ttyp9
20516122 /dev/ttypa
20516123 /dev/ttypb
20516123 /dev/ttypc
20516123 /dev/ttypd
20516123 /dev/ttype
20516123 /dev/ttypf
20516123 /dev/ttyq0
20516124 /dev/ttyq1
20516124 /dev/ttyq2
20516125 /dev/ttyq3
20516125 /dev/ttyq4
20516125 /dev/ttyq5
20516125 /dev/ttyq6
20516125 /dev/ttyq7
20516125 /dev/ttyq8
20516126 /dev/ttyq9
20516126 /dev/ttyqa
20516126 /dev/ttyqb
20516126 /dev/ttyqc
20516126 /dev/ttyqd
20516127 /dev/ttyqe
20516127 /dev/ttyqf
20516127 /dev/ttyr0
20516127 /dev/ttyr1
20516127 /dev/ttyr2
20516128 /dev/ttyr3
20516128 /dev/ttyr4
20516128 /dev/ttyr5
20516128 /dev/ttyr6
20516128 /dev/ttyr7
20516129 /dev/ttyr8
20516129 /dev/ttyr9
20516129 /dev/ttyra
20516129 /dev/ttyrb
20516129 /dev/ttyrc
20516130 /dev/ttyrd
20516130 /dev/ttyre
20516130 /dev/ttyrf
20516130 /dev/ramdiskctl
20516130 /dev/random
20516131 /dev/urandom
20516131 /dev/smbios
20516131 /dev/tty
20516131 /dev/sysevent
20516131 /dev/sysmsg
20516131 /dev/tcp
20516132 /dev/tcp6
20516132 /dev/ticots
20516132 /dev/ucode
20516132 /dev/udp6
20516132 /dev/wscons
20516132 /dev/poolctl
20516133 /dev/sppp
20516133 /dev/sppptun
20516133 /dev/nsmb
20516133 /dev/ipf
20516133 /dev/ipl
20516133 /dev/ipnat
20516134 /dev/ipstate
20516134 /dev/ipauth
20516134 /dev/ipsync
20516134 /dev/ipscan
20516134 /dev/iplookup
20516134 /dev/smbsrv
20516135 /dev/dump
20516135 /dev/fssnapctl
20516135 /dev/ksyms
20516135 /dev/logindmux
20516136 /dev/ptmajor
20516136 /dev/ptmx
20516136 /dev/pm
20516136 /dev/bpf
20516138 /usr/bin/ls
20516361 /tmp
20516361 /etc/dladm/secobj.conf
20516395 /etc/dladm/flowadm.conf
20516396 /etc/dladm/flowprop.conf
20516412 /lib/libxnet.so.1
20516426 /etc/netmasks
20516426 /etc/inet
20516427 /etc/inet/netmasks
20517071 /usr/bin/cut
20558143 /lib/libdhcputil.so.1
20558145 /etc/dhcp
20558145 /etc/dhcp/inittab
20558147 /lib/libdhcpagent.so.1
20558468 /kernel/drv/md.conf
20558469 /dev/md/admin
20558477 /lib/libmeta.so.1
20558488 /etc/lvm
20558488 /etc/lvm/mddb.cf
20558731 /lib/svc/share/fs_include.sh
20558732 /etc/vfstab
20558734 /etc/mnttab
20558745 /usr/sbin/devfsadm
20558761 /etc/system
20558768 /etc/security/extra_privs
20558768 /etc/security/device_policy
20558770 /etc/minor_perm
20558974 /usr/bin/moe
20559024 /usr/lib/libc
20559025 /usr/lib/libc/libc_hwcap2.so.1
20559038 /usr/lib/libc/libc_hwcap3.so.1
20559039 /usr/lib/libc/libc_hwcap1.so.1
20559103 /usr/sbin/mount
20559115 /etc/dfs
20559115 /etc/dfs/fstypes
20559125 /usr/bin/egrep
20559144 /usr/lib/fs
20559144 /usr/lib/fs/lofs
20559144 /usr/lib/fs/lofs/mount
20559176 /kernel/fs/amd64/lofs
20559209 /usr/bin/isainfo
20559237 /usr/bin/awk
20559269 /usr/bin/amd64/moe
20559672 /usr/sbin/dumpadm
20559752 /usr/lib/fs/ufs
20559752 /usr/lib/fs/ufs/mount
20559752 /etc/fs
20559752 /etc/fs/ufs
20559753 /etc/fs/ufs/mount
20559783 /usr/lib/fs/fd
20559783 /usr/lib/fs/fd/mount
20559793 /usr/kernel/fs
20559793 /usr/kernel/fs/amd64
20559793 /usr/kernel/fs/amd64/fdfs
20559877 /etc/svc/repository.db-journal
20559882 /etc/svc/repository-boot-tmpPcaqba
20560464 /etc/dev
20560464 /etc/dev/.devfsadm_dev.lock
20560466 /etc/devdi_test_db.98
20560467 /etc/dev/.devlink_db_lock
20560467 /etc/dev/.devlink_db
20560470 /usr/lib/devfsadm
20560470 /usr/lib/devfsadm/linkmod
20560470 /usr/lib/devfsadm/linkmod/SUNW_dtrace_link.so
20560480 /usr/lib/devfsadm/linkmod/SUNW_port_link.so
20560481 /usr/lib/devfsadm/linkmod/SUNW_zfs_link.so
20560482 /usr/lib/devfsadm/linkmod/SUNW_tape_link.so
20560482 /usr/lib/devfsadm/linkmod/SUNW_lofi_link.so
20560483 /usr/lib/devfsadm/linkmod/SUNW_smp_link.so
20560484 /usr/lib/devfsadm/linkmod/SUNW_sgen_link.so
20560485 /lib/libdevid.so.1
20560485 /lib/amd64/libdevid.so.1
20560485 /lib/libsum.so.1
20560485 /lib/amd64/libsum.so.1
20560485 /lib/libdll.so.1
20560485 /lib/amd64/libdll.so.1
20560486 /usr/lib/devfsadm/linkmod/SUNW_ieee1394_link.so
20560488 /usr/lib/devfsadm/linkmod/SUNW_xen_link.so
20560488 /usr/lib/devfsadm/linkmod/SUNW_ramdisk_link.so
20560489 /usr/lib/devfsadm/linkmod/SUNW_disk_link.so
20560490 /usr/lib/devfsadm/linkmod/SUNW_audio_link.so
20560491 /usr/lib/devfsadm/linkmod/SUNW_usb_link.so
20560492 /usr/lib/devfsadm/linkmod/SUNW_misc_link_i386.so
20560493 /usr/lib/devfsadm/linkmod/SUNW_cfg_link.so
20560494 /usr/lib/devfsadm/linkmod/SUNW_misc_link.so
20560495 /usr/lib/devfsadm/linkmod/SUNW_md_link.so
20560498 /lib/libadm.so.1
20560499 /lib/libefi.so.1
20560525 /usr/lib/devfsadm/linkmod/SUNW_fssnap_link.so
20560532 /etc/driver_aliases
20560534 /etc/devlink.tab
20560534 /etc/dev/reserved_devnames
20560539 /devices/pci@0,0
20560540 /devices/pci@0,0/isa@1
20560546 /dev/term/a
20560546 /etc/default/devfsadm
20560548 /dev/cua/a
20560552 /dev/lofi/1
20560553 /dev/rlofi/1
20560560 /devices/pci@0,0/isa@1/i8042@1,60
20560562 /dev/zcons
20560563 /dev/cpu/self
20560563 /dev/cpu/self/cpuid
20560566 /etc/devices
20560601 /etc/inet/ipaddrsel.conf
20560602 /usr/sbin/ipaddrsel
20560631 /etc/devices/snapshot_cache.tmp
20560640 /etc/path_to_inst
20560641 /kernel/sys/amd64/inst_sync
20560652 /usr/bin/pgrep
20560659 /etc/path_to_inst.98
20560660 /etc/path_to_inst.old.98
20560664 /dev/ramdisk
20560665 /dev/ramdisk/a
20560667 /dev/rramdisk
20560668 /dev/rramdisk/a
20560669 /dev/fbs/text-0
20560672 /dev/cfg
20560673 /dev/cfg/usb0
20560674 /dev/cfg/usb0/1
20560675 /dev/cfg/usb0/2
20560676 /dev/cfg/usb0/3
20560677 /dev/cfg/usb0/4
20560678 /dev/cfg/usb0/5
20560680 /dev/cfg/usb0/6
20560681 /dev/cfg/usb0/7
20560682 /dev/cfg/usb0/8
20560684 /dev/usb
20560684 /dev/usb/hub0
20560686 /devices/pseudo/clone@0
20560690 /dev/lp1
20560692 /dev/ecpp0
20560694 /dev/printers
20560695 /dev/printers/0
20560696 /devices/pci@0,0/pci-ide@1,1
20560716 /usr/lib/inet
20560716 /usr/lib/inet/in.mpathd
20560716 /lib/inet/in.mpathd
20560728 /etc/default/mpathd
20560745 /devices/pci@0,0/pci-ide@1,1/ide@0
20560747 /dev/rdsk/c0d0s0
20560765 /etc/shadow
20560773 /etc/sdp.conf
20560773 /etc/default/inetinit
20560774 /usr/sbin/ndd
20560921 /dev/rdsk/c1t0d0s0
20560924 /dev/dsk/c0d0s0
20560925 /dev/dsk/c0d0s1
20560925 /dev/dsk/c0d0s2
20560925 /dev/dsk/c0d0s3
20560926 /dev/dsk/c0d0s4
20560926 /dev/dsk/c0d0s5
20560926 /dev/dsk/c0d0s6
20560927 /dev/dsk/c0d0s7
20560927 /dev/dsk/c0d0s8
20560927 /dev/dsk/c0d0s9
20560928 /dev/dsk/c0d0s10
20560928 /dev/dsk/c0d0s11
20560928 /dev/dsk/c0d0s12
20560929 /dev/dsk/c0d0s13
20560929 /dev/dsk/c0d0s14
20560929 /dev/dsk/c0d0s15
20560929 /dev/dsk/c0d0p0
20560930 /dev/dsk/c0d0p1
20560930 /dev/dsk/c0d0p2
20560930 /dev/dsk/c0d0p3
20560931 /dev/dsk/c0d0p4
20560931 /dev/rdsk/c0d0s1
20560932 /dev/rdsk/c0d0s2
20560932 /dev/rdsk/c0d0s3
20560932 /dev/rdsk/c0d0s4
20560932 /dev/rdsk/c0d0s5
20560933 /dev/rdsk/c0d0s6
20560933 /dev/rdsk/c0d0s7
20560933 /dev/rdsk/c0d0s8
20560934 /dev/rdsk/c0d0s9
20560937 /dev/rdsk/c0d0s10
20560938 /dev/rdsk/c0d0s11
20560938 /dev/rdsk/c0d0s12
20560938 /dev/rdsk/c0d0s13
20560939 /dev/rdsk/c0d0s14
20560939 /dev/rdsk/c0d0s15
20560939 /dev/rdsk/c0d0p0
20560940 /dev/rdsk/c0d0p1
20560940 /dev/rdsk/c0d0p2
20560940 /dev/rdsk/c0d0p3
20560940 /dev/rdsk/c0d0p4
20560942 /devices/pci@0,0/pci-ide@1,1/ide@1
20560942 /dev/dsk/c1t0d0s0
20560942 /dev/removable-media/dsk
20560942 /dev/removable-media/dsk/c1t0d0s0
20560943 /dev/dsk/c1t0d0s1
20560943 /dev/removable-media/dsk/c1t0d0s1
20560943 /dev/dsk/c1t0d0s2
20560943 /dev/removable-media/dsk/c1t0d0s2
20560944 /dev/dsk/c1t0d0s3
20560944 /dev/removable-media/dsk/c1t0d0s3
20560944 /dev/dsk/c1t0d0s4
20560944 /dev/removable-media/dsk/c1t0d0s4
20560945 /dev/dsk/c1t0d0s5
20560945 /dev/removable-media/dsk/c1t0d0s5
20560945 /dev/dsk/c1t0d0s6
20560946 /dev/removable-media/dsk/c1t0d0s6
20560946 /dev/dsk/c1t0d0s7
20560946 /dev/removable-media/dsk/c1t0d0s7
20560947 /dev/dsk/c1t0d0s8
20560947 /dev/removable-media/dsk/c1t0d0s8
20560947 /dev/dsk/c1t0d0s9
20560947 /dev/removable-media/dsk/c1t0d0s9
20560948 /dev/dsk/c1t0d0s10
20560948 /dev/removable-media/dsk/c1t0d0s10
20560948 /dev/dsk/c1t0d0s11
20560948 /dev/removable-media/dsk/c1t0d0s11
20560949 /dev/dsk/c1t0d0s12
20560949 /dev/removable-media/dsk/c1t0d0s12
20560949 /dev/dsk/c1t0d0s13
20560950 /dev/removable-media/dsk/c1t0d0s13
20560950 /dev/dsk/c1t0d0s14
20560950 /dev/removable-media/dsk/c1t0d0s14
20560950 /dev/dsk/c1t0d0s15
20560951 /dev/removable-media/dsk/c1t0d0s15
20560951 /dev/dsk/c1t0d0p0
20560951 /dev/removable-media/dsk/c1t0d0p0
20560952 /dev/dsk/c1t0d0p1
20560952 /dev/removable-media/dsk/c1t0d0p1
20560952 /dev/dsk/c1t0d0p2
20560952 /dev/removable-media/dsk/c1t0d0p2
20560953 /dev/dsk/c1t0d0p3
20560953 /dev/removable-media/dsk/c1t0d0p3
20560953 /dev/dsk/c1t0d0p4
20560954 /dev/removable-media/dsk/c1t0d0p4
20560954 /dev/removable-media/rdsk
20560954 /dev/removable-media/rdsk/c1t0d0s0
20560955 /dev/rdsk/c1t0d0s1
20560956 /dev/removable-media/rdsk/c1t0d0s1
20560956 /dev/rdsk/c1t0d0s2
20560956 /dev/removable-media/rdsk/c1t0d0s2
20560957 /dev/rdsk/c1t0d0s3
20560957 /dev/removable-media/rdsk/c1t0d0s3
20560957 /dev/rdsk/c1t0d0s4
20560957 /dev/removable-media/rdsk/c1t0d0s4
20560958 /dev/rdsk/c1t0d0s5
20560958 /dev/removable-media/rdsk/c1t0d0s5
20560958 /dev/rdsk/c1t0d0s6
20560959 /dev/removable-media/rdsk/c1t0d0s6
20560959 /dev/rdsk/c1t0d0s7
20560959 /dev/removable-media/rdsk/c1t0d0s7
20560960 /dev/rdsk/c1t0d0s8
20560960 /dev/removable-media/rdsk/c1t0d0s8
20560960 /dev/rdsk/c1t0d0s9
20560960 /dev/removable-media/rdsk/c1t0d0s9
20560961 /dev/rdsk/c1t0d0s10
20560961 /dev/removable-media/rdsk/c1t0d0s10
20560961 /dev/rdsk/c1t0d0s11
20560962 /dev/removable-media/rdsk/c1t0d0s11
20560962 /dev/rdsk/c1t0d0s12
20560962 /dev/removable-media/rdsk/c1t0d0s12
20560962 /dev/rdsk/c1t0d0s13
20560963 /dev/removable-media/rdsk/c1t0d0s13
20560963 /dev/rdsk/c1t0d0s14
20560963 /dev/removable-media/rdsk/c1t0d0s14
20560964 /dev/rdsk/c1t0d0s15
20560964 /dev/removable-media/rdsk/c1t0d0s15
20560964 /dev/rdsk/c1t0d0p0
20560964 /dev/removable-media/rdsk/c1t0d0p0
20560965 /dev/rdsk/c1t0d0p1
20560965 /dev/removable-media/rdsk/c1t0d0p1
20560966 /dev/rdsk/c1t0d0p2
20560966 /dev/removable-media/rdsk/c1t0d0p2
20560967 /dev/rdsk/c1t0d0p3
20560967 /dev/removable-media/rdsk/c1t0d0p3
20560967 /dev/rdsk/c1t0d0p4
20560968 /dev/removable-media/rdsk/c1t0d0p4
20561048 /dev/sad/user
20561056 /dev/dtrace/dtrace
20561056 /dev/dtrace/helper
20561057 /dev/dtrace/provider
20561058 /dev/dtrace/provider/fasttrap
20561058 /dev/dtrace/provider/fbt
20561059 /dev/dtrace/provider/lockstat
20561060 /dev/dtrace/provider/profile
20561061 /dev/dtrace/provider/sdt
20561061 /dev/dtrace/provider/systrace
20561102 /usr/bin/sh
20561125 /usr/sbin/pmadm
20561135 /etc/saf
20561135 /etc/saf/_sactab
20561136 /etc/saf/zsmon
20561136 /etc/saf/zsmon/_pmtab
20561153 /etc/dev/.devlink_db_tmp
20561205 /usr/sbin/amd64
20561205 /usr/sbin/amd64/prtconf
20561225 /usr/bin/rm
20561237 /usr/bin/ln
20561246 /dev/fb
20561565 /usr/lib/fs/tmpfs
20561565 /usr/lib/fs/tmpfs/mount
20561709 /var/adm
20561709 /var/adm/utmpx
20561710 /var/adm/wtmpx
20561712 /var/svc/log/svc.startd.log
20561850 /etc/dladm/datalink.conf.new
20562442 /var/svc/log/system-initial-boot:default.log
20562493 /lib/svc/share/initial_include.sh
20562494 /etc/svc/profile
20562494 /etc/svc/profile/site
20562505 /usr/bin/mktemp
20562633 /var/svc/log/network-rpc-bind:default.log
20562639 /root
20562717 /usr/spool
20562717 /var/spool
20562717 /var/spool/cron
20562717 /var/spool/cron/atjobs
20562747 /usr/sbin/rpcbind
20562748 /usr/bin/mkdir
20562748 /usr/bin/stty
20562774 /usr/lib/straddr.so
20562775 /usr/lib/straddr.so.2
20562933 /.initialboot
20562933 /usr/bin/chmod
20562966 /kayak
20562966 /kayak/install_image.sh
20562967 /usr/bin/bash
20562974 /lib/libdl.so.1
20562997 /kayak/install_help.sh
20563000 /kayak/net_help.sh
20563000 /kayak/disk_help.sh
20563095 /etc/default/dhcpagent
20563132 /etc/dhcp/iaid
20563196 /var/svc/log/system-manifest-import:default.log
20563316 /etc/default/login
20563434 /var/svc/log/system-boot-config:default.log
20563498 /usr/sbin/uadmin
20567577 /etc/dhcp/e1000g0.dhc
20567658 /usr/bin/date
20567747 /usr/bin/tr
20567765 /usr/bin/sed
20507164 /lib/libdevinfo.so.1
20567844 /lib/amd64/libdevinfo.so.1
20567955 /usr/bin/curl
20567964 /usr/bin/amd64/curl
20567971 /usr/lib/amd64/libcurl.so.4
20567971 /usr/lib/amd64/libcurl.so.4.4.0
20567973 /usr/lib/amd64/libidn.so.11
20567974 /usr/lib/amd64/libidn.so.11.6.15
20567979 /usr/lib/amd64/libssl.so.1.0.0
20567979 /lib/amd64/libssl.so.1.0.0
20567983 /usr/lib/amd64/libcrypto.so.1.0.0
20567983 /lib/amd64/libcrypto.so.1.0.0
20568004 /usr/lib/amd64/libldap.so.5
20568007 /usr/lib/amd64/libsocket.so.1
20568007 /lib/amd64/libsocket.so.1
20568008 /usr/lib/amd64/libnsl.so.1
20568009 /lib/amd64/libnsl.so.1
20568015 /usr/lib/amd64/libc.so.1
20568022 /usr/lib/amd64/libgcc_s.so.1
20568026 /usr/lib/mps
20568026 /usr/lib/mps/64
20568026 /usr/lib/mps/amd64
20568040 /usr/lib/mps/amd64/libnspr4.so
20505719 /lib/libpthread.so.1
20568042 /lib/amd64/libpthread.so.1
20568044 /lib/amd64/libdl.so.1
20568045 /usr/lib/amd64/libsasl.so.1
20568047 /lib/amd64/libmd.so.1
20568048 /usr/lib/mps/amd64/libplc4.so
20568049 /usr/lib/mps/amd64/libnss3.so
20568058 /usr/lib/mps/amd64/libnssutil3.so
20568062 /usr/lib/mps/amd64/libplds4.so
20568063 /usr/lib/mps/secv1
20568063 /usr/lib/mps/secv1/amd64
20568067 /usr/lib/mps/amd64/libssl3.so
20568069 /lib/libthread.so.1
20568069 /lib/amd64/libthread.so.1
20568070 /lib/amd64/librt.so.1
20568071 /lib/amd64/libmp.so.2
20568096 /lib/amd64/nss_files.so.1
20568123 /usr/bin/grep
20568362 /usr/bin/xargs
20568561 /usr/sbin/prtvtoc
20568694 /usr/sbin/format
20568708 /etc/format.dat
20568710 /dev/rdsk/c0d1s0
20568710 /dev/rdsk/c0d1s1
20568710 /dev/rdsk/c0d1s2
20568710 /dev/rdsk/c0d1s3
20568711 /dev/rdsk/c0d1s4
20568711 /dev/rdsk/c0d1s5
20568711 /dev/rdsk/c0d1s6
20568711 /dev/rdsk/c0d1s8
20568711 /dev/rdsk/c0d1s9
20568712 /dev/rdsk/c0d1s10
20568712 /dev/rdsk/c0d1s11
20568712 /dev/rdsk/c0d1s12
20568712 /dev/rdsk/c0d1s13
20568712 /dev/rdsk/c0d1s14
20568712 /dev/rdsk/c0d1s15
20568713 /dev/rdsk/c0d1p0
20568713 /dev/rdsk/c0d1p1
20568713 /dev/rdsk/c0d1p2
20568713 /dev/rdsk/c0d1p3
20568713 /dev/rdsk/c0d1p4
20568714 /dev/rdsk/c0d1
20568798 /usr/bin/echo
20568815 /usr/sbin/fdisk
20568833 /usr/lib/fs/ufs/mboot
20568835 /lib/libfdisk.so.1
20568869 /etc/devdi_test_db.195
20569046 /dev/dsk/c0d1s0
20569047 /dev/dsk/c0d1s1
20569048 /dev/dsk/c0d1s2
20569050 /dev/dsk/c0d1s3
20569051 /dev/dsk/c0d1s4
20569052 /dev/dsk/c0d1s5
20569053 /dev/dsk/c0d1s6
20569055 /dev/dsk/c0d1s8
20569056 /dev/dsk/c0d1s9
20569057 /dev/dsk/c0d1s10
20569058 /dev/dsk/c0d1s11
20569060 /dev/dsk/c0d1s12
20569061 /dev/dsk/c0d1s13
20569062 /dev/dsk/c0d1s14
20569063 /dev/dsk/c0d1s15
20569064 /dev/dsk/c0d1p0
20569066 /dev/dsk/c0d1p1
20569067 /dev/dsk/c0d1p2
20569068 /dev/dsk/c0d1p3
20569070 /dev/dsk/c0d1p4
20569071 /dev/dsk/c0d1
20569164 /usr/sbin/fmthard
20569215 /etc/devdi_test_db.200
20569375 /usr/sbin/zpool
20569389 /lib/libzfs.so.1
       0 /lib/libzfs_core.so.1
20569389 /lib/amd64/libzfs.so.1
       0 /lib/amd64/libzfs_core.so.1
20569397 /usr/lib/fm
20569397 /usr/lib/fm/libtopo.so
20569397 /usr/lib/fm/libtopo.so.1
20569410 /usr/lib/libshare.so.1
20569414 /etc/dfs/sharetab
20569418 /usr/lib/libdiskmgt.so
20569418 /usr/lib/libdiskmgt.so.1
20569418 /usr/lib/amd64/libdiskmgt.so
20569418 /usr/lib/amd64/libdiskmgt.so.1
20569420 /opt
20569445 /usr/lib/libmeta.so
20570233 /lib/libzfs.so
       0 /lib/libzfs_core.so
20570233 /lib/amd64/libzfs.so
       0 /lib/amd64/libzfs_core.so
20570275 /usr/sfw
20570276 /usr/sfw/lib
20570288 /kernel/sched
20570288 /kernel/sched/amd64
20570288 /kernel/sched/amd64/SDC
20570392 /etc/zfs/zpool.cache.tmp
20570395 /rpool
20570406 /usr/lib/fs/smb
20570406 /usr/lib/fs/smb/libshare_smb.so.1
20570408 /usr/lib/fs/hsfs
20570408 /usr/lib/fs/sharefs
20570409 /usr/lib/fs/objfs
20570409 /usr/lib/fs/mntfs
20570409 /usr/lib/fs/nfs
20570409 /usr/lib/fs/dev
20570410 /usr/lib/fs/pcfs
20570410 /usr/lib/fs/ctfs
20570410 /usr/lib/fs/zfs
20570410 /usr/lib/fs/proc
20570411 /usr/lib/fs/udfs
20570411 /usr/lib/fs/autofs
20570411 /usr/lib/fs/autofs/libshare_autofs.so.1
20570413 /usr/lib/fs/smbfs
20570413 /usr/lib/fs/smbfs/libshare_smbfs.so.1
20570415 /usr/lib/fs/cachefs
20570744 /usr/sbin/zfs
20571296 /usr/bin/pv
20571357 /usr/bin/bzip2
20571367 /usr/bin/amd64/bzip2
20707098 /usr/sbin/beadm
20707121 /usr/lib/libbe.so.1
20707186 /mnt
20707272 /lib/libcmdutils.so.1
20707272 /lib/amd64/libcmdutils.so.1
20707308 /usr/bin/chown
20707355 /etc/zones
20707355 /etc/zones/index
20707813 /usr/bin/hostname
20707911 /var/tmp/sh-thd-1334268610
20707977 /usr/bin/touch
20708500 /usr/bin/uname
20708628 /usr/bin/df
20708628 /usr/sbin/df
20708711 /usr/bin/tail
20708858 /usr/bin/basename
20709097 /usr/lib/fs/zfs/fstyp
20709109 /usr/lib/libfstyp.so.1
20709110 /usr/lib/fs/hsfs/fstyp.so.1
20709110 /usr/lib/fs/pcfs/fstyp.so.1
20709111 /usr/lib/fs/zfs/fstyp.so.1
20709111 /usr/lib/fs/ufs/fstyp.so.1
20709111 /usr/lib/fs/udfs/fstyp.so.1
20710571 /kernel/drv/amd64/dtrace
20711110 /usr/sbin/bootadm
20711150 /usr/sbin/ucodeadm
20711543 /boot
20711543 /boot/acpi
20711543 /boot/acpi/tables
20711857 /kernel/kmdb
20711886 /kernel/kmdb/amd64
20712291 /kernel/misc/kgss
20712304 /kernel/misc/kgss/amd64
20712326 /kernel/misc/scsi_vhci
20712341 /kernel/misc/scsi_vhci/amd64
20713404 /kernel/misc/pmcs
20713405 /kernel/misc/pmcs/amd64
20713784 /kernel/misc/qlc
20713884 /kernel/misc/qlc/amd64
20714034 /kernel/misc/emlxs
20714036 /kernel/misc/emlxs/amd64
20721631 /kernel/dtrace
20721636 /kernel/dtrace/amd64
20721798 /kernel/amd64
20722147 /kernel/kiconv
20722539 /kernel/kiconv/amd64
20722945 /kernel/ipp
20722946 /kernel/ipp/amd64
20723010 /platform/i86hvm
20723010 /platform/i86hvm/kernel
20723011 /platform/i86hvm/kernel/misc
20723013 /platform/i86hvm/kernel/misc/amd64
20723067 /platform/i86hvm/kernel/drv
20723079 /platform/i86hvm/kernel/drv/amd64
20723142 /platform/i86pc/kernel/amd64
20723362 /platform/i86pc/kernel/cpu
20723388 /platform/i86pc/kernel/cpu/amd64
20723722 /platform/i86pc/kernel/mach
20723882 /platform/i86pc/kernel/mach/amd64
20724280 /platform/i86xpv
20724280 /platform/i86xpv/kernel
20724283 /platform/i86xpv/kernel/dacf
20724283 /platform/i86xpv/kernel/dacf/amd64
20724422 /platform/i86xpv/kernel/amd64
20724582 /platform/i86xpv/kernel/tod
20724585 /platform/i86xpv/kernel/tod/amd64
20724588 /platform/i86xpv/kernel/misc
20724594 /platform/i86xpv/kernel/misc/amd64
20724604 /platform/i86xpv/kernel/mach
20724615 /platform/i86xpv/kernel/mach/amd64
20724629 /platform/i86xpv/kernel/drv
20724639 /platform/i86xpv/kernel/drv/amd64
20724750 /platform/i86xpv/kernel/cpu
20724761 /platform/i86xpv/kernel/cpu/amd64
20724775 /platform/i86pc/ucode
20725685 /usr/bin/find
20725823 /usr/bin/file
20805662 /usr/sbin/mkfile
20805895 /usr/sbin/lofiadm
20805917 /etc/devname_check_RDONLY
20805923 /usr/lib/devfsadm/devfsadmd
20805948 /etc/dev/.devfsadm_daemon.lock
20805953 /etc/sysevent
20805954 /etc/sysevent/devfsadm_event_channel
20805955 /etc/sysevent/devfsadm_event_channel/1
20805962 /etc/dev/.devfsadm_synch_door
20805963 /etc/dev/.devname_lookup_door
20806994 /etc/devdi_test_db.4319
20807069 /etc/logindevperm
20807404 /dev/lofi/2
20807405 /dev/rlofi/2
20807415 /usr/sbin/newfs
20807415 /usr/lib/fs/ufs/newfs
20807452 /usr/sbin/mkfs
20807452 /usr/sbin/clri
20807509 /usr/lib/fs/ufs/mkfs
20807639 /kernel/sys/amd64/kaio
20808309 /usr/lib/fs/mntfs/mount
20808483 /usr/bin/cpio
20808620 /var/tmp/cpioQSaqDi
20809049 /var/tmp/cpiovZaWDi
20819699 /usr/kernel/pcbe
20819700 /usr/kernel/pcbe/amd64
20828439 /kernel/fs/amd64/ctfs
20828445 /kernel/fs/amd64/mntfs
20828448 /kernel/fs/amd64/tmpfs
20828456 /kernel/fs/amd64/objfs
20828458 /kernel/fs/amd64/sharefs
20828461 /kernel/drv/amd64/systrace
20828485 /kernel/drv/amd64/sdt
20828519 /kernel/drv/amd64/profile
20828534 /kernel/drv/amd64/lockstat
20828545 /kernel/drv/amd64/fbt
20828547 /kernel/misc/amd64/ctf
20828593 /kernel/drv/amd64/fasttrap
20839540 /usr/sbin/umount
20840833 /usr/bin/rmdir
20844666 /usr/lib/locale/C
20844666 /usr/lib/locale/C/LC_MESSAGES
20844666 /etc/magic
20844690 /usr/sbin/lockfs
20844690 /usr/lib/fs/ufs/lockfs
20852439 /usr/bin/head
20862119 /etc/default/su
20862121 /var/adm/sulog
20862134 /etc/security/audit_class
20862196 /etc/profile
20862203 /usr/sbin/quota
20862203 /usr/lib/fs/ufs/quota
20862250 /etc/motd
20862283 /usr/bin/mail
20862296 /usr/lib/libmail.so.1
20862298 /var/mail
20862298 /var/mail/:saved
20862301 /root/.profile
20862331 /usr/share/lib/terminfo
20862331 /usr/share/lib/terminfo/d
20862331 /usr/share/lib/terminfo/d/dumb
20871942 /usr/gnu
20871942 /usr/gnu/bin
20871956 /usr/sbin/amd64/dtrace
20871973 /usr/lib/amd64/libdtrace.so.1
20871983 /lib/amd64/librtld_db.so.1
20871984 /lib/amd64/libelf.so.1
20871989 /dev/dtrace/provider/dcpc
20872007 /system/object
20872054 /lib/amd64/libctf.so.1
20872054 /lib/amd64/libscf.so.1
20872055 /lib/libcurses.so
20872055 /lib/libcurses.so.1
20872055 /lib/amd64/libcurses.so
20872055 /lib/amd64/libcurses.so.1
20872055 /lib/libproc.so
20872055 /lib/libproc.so.1
20872055 /lib/amd64/libproc.so
20872055 /lib/amd64/libproc.so.1
20872055 /usr/lib/libdisasm.so
20872055 /usr/lib/libdisasm.so.1
20872055 /usr/lib/amd64/libdisasm.so
20872055 /usr/lib/amd64/libdisasm.so.1
20872055 /usr/lib/libkvm.so
20872055 /usr/lib/libkvm.so.1
20872055 /usr/lib/amd64/libkvm.so
20872055 /usr/lib/amd64/libkvm.so.1
20872055 /usr/lib/libsaveargs.so
20872055 /usr/lib/libsaveargs.so.1
20872055 /usr/lib/amd64/libsaveargs.so
20872055 /usr/lib/amd64/libsaveargs.so.1
20872055 /usr/lib/libuutil.so
20872055 /usr/lib/libuutil.so.1
20872055 /usr/lib/amd64/libuutil.so
20872055 /usr/lib/amd64/libuutil.so.1
20872055 /usr/lib/libnvpair.so
20872055 /usr/lib/libnvpair.so.1
20872055 /usr/lib/amd64/libnvpair.so
20872055 /usr/lib/amd64/libnvpair.so.1
20872055 /usr/lib/libsmbios.so
20872055 /usr/lib/libsmbios.so.1
20872055 /usr/lib/amd64/libsmbios.so
20872055 /usr/lib/amd64/libsmbios.so.1
